<?xml version="1.0" encoding="UTF-8"?>
<!-- Generated by org.testng.reporters.JUnitXMLReporter -->
<testsuite hostname="WINCTRL-TJMA359" name="Test" tests="3" failures="0" timestamp="4 Jun 2020 18:36:26 GMT" time="11.551" errors="0">
  <testcase name="launchApplication" time="4.445" classname="com.orangehrm.testCases.LoginPageTest"/>
  <testcase name="Test1" time="0.156" classname="com.orangehrm.testCases.LoginPageTest"/>
  <testcase name="validateValidUserLoginFunctionality" time="1.513" classname="com.orangehrm.testCases.LoginPageTest"/>
</testsuite> <!-- Test -->
