<?xml version="1.0" encoding="UTF-8"?>
<testng-results skipped="0" failed="0" total="3" passed="3">
  <reporter-output>
  </reporter-output>
  <suite name="Suite" duration-ms="11551" started-at="2020-06-04T18:36:14Z" finished-at="2020-06-04T18:36:26Z">
    <groups>
    </groups>
    <test name="Test" duration-ms="11551" started-at="2020-06-04T18:36:14Z" finished-at="2020-06-04T18:36:26Z">
      <class name="com.orangehrm.testCases.LoginPageTest">
        <test-method status="PASS" signature="setUp()[pri:0, instance:com.orangehrm.testCases.LoginPageTest@77be656f]" name="setUp" is-config="true" duration-ms="4660" started-at="2020-06-05T00:06:14Z" finished-at="2020-06-05T00:06:19Z">
          <reporter-output>
          </reporter-output>
        </test-method> <!-- setUp -->
        <test-method status="PASS" signature="launchApplication()[pri:0, instance:com.orangehrm.testCases.LoginPageTest@77be656f]" name="launchApplication" duration-ms="4445" started-at="2020-06-05T00:06:19Z" finished-at="2020-06-05T00:06:23Z">
          <reporter-output>
          </reporter-output>
        </test-method> <!-- launchApplication -->
        <test-method status="PASS" signature="Test1()[pri:1, instance:com.orangehrm.testCases.LoginPageTest@77be656f]" name="Test1" duration-ms="156" started-at="2020-06-05T00:06:23Z" finished-at="2020-06-05T00:06:23Z">
          <reporter-output>
          </reporter-output>
        </test-method> <!-- Test1 -->
        <test-method status="PASS" signature="validateValidUserLoginFunctionality(java.lang.String, java.lang.String)[pri:2, instance:com.orangehrm.testCases.LoginPageTest@77be656f]" name="validateValidUserLoginFunctionality" duration-ms="1513" started-at="2020-06-05T00:06:23Z" finished-at="2020-06-05T00:06:25Z">
          <params>
            <param index="0">
              <value>
                <![CDATA[Admin]]>
              </value>
            </param>
            <param index="1">
              <value>
                <![CDATA[admin123]]>
              </value>
            </param>
          </params>
          <reporter-output>
          </reporter-output>
        </test-method> <!-- validateValidUserLoginFunctionality -->
        <test-method status="PASS" signature="tearDown()[pri:0, instance:com.orangehrm.testCases.LoginPageTest@77be656f]" name="tearDown" is-config="true" duration-ms="763" started-at="2020-06-05T00:06:25Z" finished-at="2020-06-05T00:06:26Z">
          <reporter-output>
          </reporter-output>
        </test-method> <!-- tearDown -->
      </class> <!-- com.orangehrm.testCases.LoginPageTest -->
    </test> <!-- Test -->
  </suite> <!-- Suite -->
</testng-results>
