<?xml version="1.0" encoding="UTF-8"?>
<testng-results skipped="0" failed="1" total="11" passed="10">
  <reporter-output>
  </reporter-output>
  <suite name="Suite" duration-ms="8394" started-at="2020-06-06T03:59:36Z" finished-at="2020-06-06T03:59:44Z">
    <groups>
    </groups>
    <test name="Test" duration-ms="8394" started-at="2020-06-06T03:59:36Z" finished-at="2020-06-06T03:59:44Z">
      <class name="com.orangehrm.testCases.LoginPageTest">
        <test-method status="PASS" signature="setUp()[pri:0, instance:com.orangehrm.testCases.LoginPageTest@7bba5817]" name="setUp" is-config="true" duration-ms="3883" started-at="2020-06-06T09:29:36Z" finished-at="2020-06-06T09:29:39Z">
          <reporter-output>
          </reporter-output>
        </test-method> <!-- setUp -->
        <test-method status="PASS" signature="launchApplicationInBrowser()[pri:0, instance:com.orangehrm.testCases.LoginPageTest@7bba5817]" name="launchApplicationInBrowser" is-config="true" duration-ms="701" started-at="2020-06-06T09:29:39Z" finished-at="2020-06-06T09:29:40Z">
          <reporter-output>
          </reporter-output>
        </test-method> <!-- launchApplicationInBrowser -->
        <test-method status="PASS" signature="validatehrmTitleLogo()[pri:0, instance:com.orangehrm.testCases.LoginPageTest@7bba5817]" name="validatehrmTitleLogo" duration-ms="89" started-at="2020-06-06T09:29:40Z" finished-at="2020-06-06T09:29:40Z">
          <reporter-output>
          </reporter-output>
        </test-method> <!-- validatehrmTitleLogo -->
        <test-method status="FAIL" signature="validateuserCredsTextLine()[pri:1, instance:com.orangehrm.testCases.LoginPageTest@7bba5817]" name="validateuserCredsTextLine" duration-ms="178" started-at="2020-06-06T09:29:40Z" finished-at="2020-06-06T09:29:40Z">
          <exception class="org.openqa.selenium.NoSuchElementException">
            <message>
              <![CDATA[no such element: Unable to locate element: {"method":"css selector","selector":"div#content>:nth-child(3)>span1"}
  (Session info: chrome=83.0.4103.97)
For documentation on this error, please visit: https://www.seleniumhq.org/exceptions/no_such_element.html
Build info: version: '3.141.59', revision: 'e82be7d358', time: '2018-11-14T08:17:03'
System info: host: 'WINCTRL-TJMA359', ip: '192.168.1.5', os.name: 'Windows 8.1', os.arch: 'amd64', os.version: '6.3', java.version: '1.8.0_251'
Driver info: org.openqa.selenium.chrome.ChromeDriver
Capabilities {acceptInsecureCerts: false, browserName: chrome, browserVersion: 83.0.4103.97, chrome: {chromedriverVersion: 83.0.4103.39 (ccbf011cb2d2b..., userDataDir: C:\Users\hp\AppData\Local\T...}, goog:chromeOptions: {debuggerAddress: localhost:58312}, javascriptEnabled: true, networkConnectionEnabled: false, pageLoadStrategy: normal, platform: WINDOWS, platformName: WINDOWS, proxy: Proxy(), setWindowRect: true, strictFileInteractability: false, timeouts: {implicit: 0, pageLoad: 300000, script: 30000}, unhandledPromptBehavior: dismiss and notify, webauthn:virtualAuthenticators: true}
Session ID: 4eb00020db92aca703f86b15bbe15194
*** Element info: {Using=css selector, value=div#content>:nth-child(3)>span1}]]>
            </message>
            <full-stacktrace>
              <![CDATA[org.openqa.selenium.NoSuchElementException: no such element: Unable to locate element: {"method":"css selector","selector":"div#content>:nth-child(3)>span1"}
  (Session info: chrome=83.0.4103.97)
For documentation on this error, please visit: https://www.seleniumhq.org/exceptions/no_such_element.html
Build info: version: '3.141.59', revision: 'e82be7d358', time: '2018-11-14T08:17:03'
System info: host: 'WINCTRL-TJMA359', ip: '192.168.1.5', os.name: 'Windows 8.1', os.arch: 'amd64', os.version: '6.3', java.version: '1.8.0_251'
Driver info: org.openqa.selenium.chrome.ChromeDriver
Capabilities {acceptInsecureCerts: false, browserName: chrome, browserVersion: 83.0.4103.97, chrome: {chromedriverVersion: 83.0.4103.39 (ccbf011cb2d2b..., userDataDir: C:\Users\hp\AppData\Local\T...}, goog:chromeOptions: {debuggerAddress: localhost:58312}, javascriptEnabled: true, networkConnectionEnabled: false, pageLoadStrategy: normal, platform: WINDOWS, platformName: WINDOWS, proxy: Proxy(), setWindowRect: true, strictFileInteractability: false, timeouts: {implicit: 0, pageLoad: 300000, script: 30000}, unhandledPromptBehavior: dismiss and notify, webauthn:virtualAuthenticators: true}
Session ID: 4eb00020db92aca703f86b15bbe15194
*** Element info: {Using=css selector, value=div#content>:nth-child(3)>span1}
	at sun.reflect.NativeConstructorAccessorImpl.newInstance0(Native Method)
	at sun.reflect.NativeConstructorAccessorImpl.newInstance(NativeConstructorAccessorImpl.java:62)
	at sun.reflect.DelegatingConstructorAccessorImpl.newInstance(DelegatingConstructorAccessorImpl.java:45)
	at java.lang.reflect.Constructor.newInstance(Constructor.java:423)
	at org.openqa.selenium.remote.http.W3CHttpResponseCodec.createException(W3CHttpResponseCodec.java:187)
	at org.openqa.selenium.remote.http.W3CHttpResponseCodec.decode(W3CHttpResponseCodec.java:122)
	at org.openqa.selenium.remote.http.W3CHttpResponseCodec.decode(W3CHttpResponseCodec.java:49)
	at org.openqa.selenium.remote.HttpCommandExecutor.execute(HttpCommandExecutor.java:158)
	at org.openqa.selenium.remote.service.DriverCommandExecutor.execute(DriverCommandExecutor.java:83)
	at org.openqa.selenium.remote.RemoteWebDriver.execute(RemoteWebDriver.java:552)
	at org.openqa.selenium.remote.RemoteWebDriver.findElement(RemoteWebDriver.java:323)
	at org.openqa.selenium.remote.RemoteWebDriver.findElementByCssSelector(RemoteWebDriver.java:420)
	at org.openqa.selenium.By$ByCssSelector.findElement(By.java:431)
	at org.openqa.selenium.remote.RemoteWebDriver.findElement(RemoteWebDriver.java:315)
	at org.openqa.selenium.support.pagefactory.DefaultElementLocator.findElement(DefaultElementLocator.java:69)
	at org.openqa.selenium.support.pagefactory.internal.LocatingElementHandler.invoke(LocatingElementHandler.java:38)
	at com.sun.proxy.$Proxy26.isDisplayed(Unknown Source)
	at com.orangehrm.pageObjects.LoginPageObject.validateuserCredsTextLine(LoginPageObject.java:73)
	at com.orangehrm.testCases.LoginPageTest.validateuserCredsTextLine(LoginPageTest.java:54)
	at sun.reflect.NativeMethodAccessorImpl.invoke0(Native Method)
	at sun.reflect.NativeMethodAccessorImpl.invoke(NativeMethodAccessorImpl.java:62)
	at sun.reflect.DelegatingMethodAccessorImpl.invoke(DelegatingMethodAccessorImpl.java:43)
	at java.lang.reflect.Method.invoke(Method.java:498)
	at org.testng.internal.MethodInvocationHelper.invokeMethod(MethodInvocationHelper.java:86)
	at org.testng.internal.Invoker.invokeMethod(Invoker.java:643)
	at org.testng.internal.Invoker.invokeTestMethod(Invoker.java:820)
	at org.testng.internal.Invoker.invokeTestMethods(Invoker.java:1128)
	at org.testng.internal.TestMethodWorker.invokeTestMethods(TestMethodWorker.java:129)
	at org.testng.internal.TestMethodWorker.run(TestMethodWorker.java:112)
	at org.testng.TestRunner.privateRun(TestRunner.java:782)
	at org.testng.TestRunner.run(TestRunner.java:632)
	at org.testng.SuiteRunner.runTest(SuiteRunner.java:366)
	at org.testng.SuiteRunner.runSequentially(SuiteRunner.java:361)
	at org.testng.SuiteRunner.privateRun(SuiteRunner.java:319)
	at org.testng.SuiteRunner.run(SuiteRunner.java:268)
	at org.testng.SuiteRunnerWorker.runSuite(SuiteRunnerWorker.java:52)
	at org.testng.SuiteRunnerWorker.run(SuiteRunnerWorker.java:86)
	at org.testng.TestNG.runSuitesSequentially(TestNG.java:1244)
	at org.testng.TestNG.runSuitesLocally(TestNG.java:1169)
	at org.testng.TestNG.run(TestNG.java:1064)
	at org.testng.remote.AbstractRemoteTestNG.run(AbstractRemoteTestNG.java:115)
	at org.testng.remote.RemoteTestNG.initAndRun(RemoteTestNG.java:251)
	at org.testng.remote.RemoteTestNG.main(RemoteTestNG.java:77)
]]>
            </full-stacktrace>
          </exception> <!-- org.openqa.selenium.NoSuchElementException -->
          <reporter-output>
          </reporter-output>
        </test-method> <!-- validateuserCredsTextLine -->
        <test-method status="PASS" signature="validatehrmCircularLogo()[pri:2, instance:com.orangehrm.testCases.LoginPageTest@7bba5817]" name="validatehrmCircularLogo" duration-ms="42" started-at="2020-06-06T09:29:41Z" finished-at="2020-06-06T09:29:41Z">
          <reporter-output>
          </reporter-output>
        </test-method> <!-- validatehrmCircularLogo -->
        <test-method status="PASS" signature="validatelogInPanelHeading()[pri:3, instance:com.orangehrm.testCases.LoginPageTest@7bba5817]" name="validatelogInPanelHeading" duration-ms="55" started-at="2020-06-06T09:29:41Z" finished-at="2020-06-06T09:29:41Z">
          <reporter-output>
          </reporter-output>
        </test-method> <!-- validatelogInPanelHeading -->
        <test-method status="PASS" signature="validateuserNameInput()[pri:4, instance:com.orangehrm.testCases.LoginPageTest@7bba5817]" name="validateuserNameInput" duration-ms="42" started-at="2020-06-06T09:29:41Z" finished-at="2020-06-06T09:29:41Z">
          <reporter-output>
          </reporter-output>
        </test-method> <!-- validateuserNameInput -->
        <test-method status="PASS" signature="validateuserNameInputLogo()[pri:5, instance:com.orangehrm.testCases.LoginPageTest@7bba5817]" name="validateuserNameInputLogo" duration-ms="30" started-at="2020-06-06T09:29:41Z" finished-at="2020-06-06T09:29:41Z">
          <reporter-output>
          </reporter-output>
        </test-method> <!-- validateuserNameInputLogo -->
        <test-method status="PASS" signature="validatepasswordInput()[pri:6, instance:com.orangehrm.testCases.LoginPageTest@7bba5817]" name="validatepasswordInput" duration-ms="38" started-at="2020-06-06T09:29:41Z" finished-at="2020-06-06T09:29:41Z">
          <reporter-output>
          </reporter-output>
        </test-method> <!-- validatepasswordInput -->
        <test-method status="PASS" signature="validatepasswordInputLogo()[pri:7, instance:com.orangehrm.testCases.LoginPageTest@7bba5817]" name="validatepasswordInputLogo" duration-ms="29" started-at="2020-06-06T09:29:41Z" finished-at="2020-06-06T09:29:41Z">
          <reporter-output>
          </reporter-output>
        </test-method> <!-- validatepasswordInputLogo -->
        <test-method status="PASS" signature="validateloginButton()[pri:8, instance:com.orangehrm.testCases.LoginPageTest@7bba5817]" name="validateloginButton" duration-ms="49" started-at="2020-06-06T09:29:41Z" finished-at="2020-06-06T09:29:41Z">
          <reporter-output>
          </reporter-output>
        </test-method> <!-- validateloginButton -->
        <test-method status="PASS" signature="validateforgetPasswordLink()[pri:9, instance:com.orangehrm.testCases.LoginPageTest@7bba5817]" name="validateforgetPasswordLink" duration-ms="46" started-at="2020-06-06T09:29:41Z" finished-at="2020-06-06T09:29:41Z">
          <reporter-output>
          </reporter-output>
        </test-method> <!-- validateforgetPasswordLink -->
        <test-method status="PASS" signature="validateValidUserLoginFunctionality(java.lang.String, java.lang.String)[pri:10, instance:com.orangehrm.testCases.LoginPageTest@7bba5817]" name="validateValidUserLoginFunctionality" duration-ms="1836" started-at="2020-06-06T09:29:41Z" finished-at="2020-06-06T09:29:43Z">
          <params>
            <param index="0">
              <value>
                <![CDATA[Admin]]>
              </value>
            </param>
            <param index="1">
              <value>
                <![CDATA[admin123]]>
              </value>
            </param>
          </params>
          <reporter-output>
          </reporter-output>
        </test-method> <!-- validateValidUserLoginFunctionality -->
        <test-method status="PASS" signature="tearDown()[pri:0, instance:com.orangehrm.testCases.LoginPageTest@7bba5817]" name="tearDown" is-config="true" duration-ms="782" started-at="2020-06-06T09:29:43Z" finished-at="2020-06-06T09:29:44Z">
          <reporter-output>
          </reporter-output>
        </test-method> <!-- tearDown -->
      </class> <!-- com.orangehrm.testCases.LoginPageTest -->
    </test> <!-- Test -->
  </suite> <!-- Suite -->
</testng-results>
